<?xml version="1.0" encoding="UTF-8"?>
<testng-results ignored="0" total="1" passed="1" failed="0" skipped="0">
  <reporter-output>
  </reporter-output>
  <suite started-at="2023-11-05T21:32:08 IST" name="Default suite" finished-at="2023-11-05T21:32:30 IST" duration-ms="21082">
    <groups>
    </groups>
    <test started-at="2023-11-05T21:32:08 IST" name="Default test" finished-at="2023-11-05T21:32:30 IST" duration-ms="21082">
      <class name="saucedemotest.SauceDemoTest">
        <test-method is-config="true" signature="setUp()[pri:0, instance:saucedemotest.SauceDemoTest@692f203f]" started-at="2023-11-05T21:32:08 IST" name="setUp" finished-at="2023-11-05T21:32:21 IST" duration-ms="12978" status="PASS">
          <reporter-output>
          </reporter-output>
        </test-method> <!-- setUp -->
        <test-method signature="test()[pri:0, instance:saucedemotest.SauceDemoTest@692f203f]" started-at="2023-11-05T21:32:22 IST" name="test" finished-at="2023-11-05T21:32:30 IST" duration-ms="7918" status="PASS">
          <reporter-output>
          </reporter-output>
        </test-method> <!-- test -->
      </class> <!-- saucedemotest.SauceDemoTest -->
    </test> <!-- Default test -->
  </suite> <!-- Default suite -->
</testng-results>
